<?xml version="1.0" encoding="UTF-8"?>
<!-- Generated by org.testng.reporters.JUnitReportReporter -->
<testsuite hostname="ticvictech" failures="0" tests="1" name="greenkartwebsite.Practisepage" time="1.246" errors="0" timestamp="2023-02-06T10:16:33 IST" skipped="0">
  <testcase classname="greenkartwebsite.Practisepage" name="testelements" time="1.246"/>
  <system-out/>
</testsuite> <!-- greenkartwebsite.Practisepage -->
