<?xml version="1.0" encoding="UTF-8"?>
<!-- Generated by org.testng.reporters.JUnitReportReporter -->
<testsuite hostname="ticvictech" failures="0" tests="2" name="greenkartwebsite.Protocommerce" time="3.152" errors="0" timestamp="2023-02-06T10:16:33 IST" skipped="0">
  <testcase classname="greenkartwebsite.Protocommerce" name="Pc" time="1.880"/>
  <system-out/>
  <testcase classname="greenkartwebsite.Protocommerce" name="Pc" time="1.272"/>
  <system-out/>
</testsuite> <!-- greenkartwebsite.Protocommerce -->
