<?xml version="1.0" encoding="UTF-8"?>
<!-- Generated by org.testng.reporters.JUnitReportReporter -->
<testsuite hostname="ticvictech" failures="0" tests="5" name="greenkartwebsite.GkSearchBoxTest" time="17.754" errors="0" timestamp="2023-02-06T10:16:33 IST" skipped="0">
  <testcase classname="greenkartwebsite.GkSearchBoxTest" name="SearchboxUIcheck" time="0.274"/>
  <system-out/>
  <testcase classname="greenkartwebsite.GkSearchBoxTest" name="Searchboxinputcheck" time="17.121"/>
  <system-out/>
  <testcase classname="greenkartwebsite.GkSearchBoxTest" name="CheckChart" time="0.096"/>
  <system-out/>
  <testcase classname="greenkartwebsite.GkSearchBoxTest" name="TakeScreenshot" time="0.214"/>
  <system-out/>
  <testcase classname="greenkartwebsite.GkSearchBoxTest" name="Totalpriceanditems" time="0.049"/>
  <system-out/>
</testsuite> <!-- greenkartwebsite.GkSearchBoxTest -->
